[Message:   BepInEx] BepInEx 5.4.21.0 - REPO (3/6/2025 4:15:31 AM)
[Info   :   BepInEx] Running under Unity v2022.3.21.12519882
[Info   :   BepInEx] CLR runtime version: 4.0.30319.42000
[Info   :   BepInEx] Supports SRE: True
[Info   :   BepInEx] System platform: Bits64, Windows
[Message:   BepInEx] Preloader started
[Info   :   BepInEx] Loaded 1 patcher method from [BepInEx.Preloader 5.4.21.0]
[Info   :   BepInEx] 1 patcher plugin loaded
[Info   :   BepInEx] Patching [UnityEngine.CoreModule] with [BepInEx.Chainloader]
[Message:   BepInEx] Preloader finished
[Message:   BepInEx] Chainloader ready
[Message:   BepInEx] Chainloader started
[Info   :   BepInEx] 3 plugins to load
[Info   :   BepInEx] Loading [REPO_HD 1.0.3]
[Info   :   REPO_HD] Applying Harmony patches
[Info   :   REPO_HD] Patched ExtractionPoint.Start
[Info   :   REPO_HD] Patched GraphicsManager.UpdateRenderSize
[Info   :   REPO_HD] Patched RenderTextureMain.Start
[Info   :   REPO_HD] Patched RenderTextureMain.Update
[Info   :   REPO_HD] 4 patches applied
[Info   :   BepInEx] Loading [Photon Redirector 1.0.1]
[Info   :Photon Redirector] Plugin Loaded!
[Info   :Photon Redirector] Using AppID: 20cc4254-e548-418a-9dc1-c9fe16f57461
[Info   :Photon Redirector] Using Region: asia
[Info   :   BepInEx] Loading [MorePlayers 1.0.1]
[Info   :zelofi.MorePlayers] zelofi.MorePlayers is now awake!
[Message:   BepInEx] Chainloader startup complete
[Info   : Unity Log] Odin Serializer ArchitectureInfo initialization with defaults (all unaligned read/writes disabled).
[Info   : Unity Log] Odin Serializer detected whitelisted runtime platform WindowsPlayer and memory read test succeeded; enabling all unaligned memory read/writes.
[Info   : Unity Log] VERSION: v0.1.2
[Info   : Unity Log] STEAM ID: 76561199180524435
[Info   :   REPO_HD] Enabled TAA on Camera Main (UnityEngine.Camera)
[Info   :   REPO_HD] Enabled SMAA on Camera Top (UnityEngine.Camera)
[Info   : Unity Log] Getting Steam Auth Ticket...
[Info   : Unity Log] Steam: Game lobby join requested: 109775241171650012
[Info   : Unity Log] Steam: Lobby entered with ID: 109775241171650012
[Info   : Unity Log] Steam: Region: 99515094-45b7-4c98-ab70-a448c548c83d
[Info   : Unity Log] Changed level to: Level - Lobby Menu
[Info   : Unity Log] PunVoiceClientLogic Awake
[Info   : Unity Log] Already in lobby on Network Connect. Connecting to region: 99515094-45b7-4c98-ab70-a448c548c83d
[Info   : Unity Log] Sending Steam Auth Ticket...
[Info   : Unity Log] Getting Steam Auth Ticket...
[Warning:Photon Redirector] Overriding region from '99515094-45b7-4c98-ab70-a448c548c83d' to 'asia'
[Info   :Photon Redirector] Redirecting Photon Traffic
[Info   :Photon Redirector] Redirecting Photon Traffic
[Info   : Unity Log] Connected to Master Server
[Info   : Unity Log] I am not the owner.
[Error  : Unity Log] Failed to join room: Failed to get server instance.
[Info   : Unity Log] Steam: Leaving lobby...
[Info   : Unity Log] Cancelling Steam Auth Ticket...
[Info   : Unity Log] Disconnected from server for reason DisconnectByClientLogic
[Info   : Unity Log] Leave to Main Menu
[Info   : Unity Log] NetworkConnect destroyed.
[Info   :   REPO_HD] Enabled TAA on Camera Main (UnityEngine.Camera)
[Info   :   REPO_HD] Enabled SMAA on Camera Top (UnityEngine.Camera)
[Info   : Unity Log] Steam: Game lobby join requested: 109775241171650012
[Info   : Unity Log] Steam: Lobby entered with ID: 109775241171650012
[Info   : Unity Log] Steam: Region: 99515094-45b7-4c98-ab70-a448c548c83d
[Info   : Unity Log] Changed level to: Level - Lobby Menu
[Info   : Unity Log] [2025-04-24T13:37:22] [Info] [LOGGER] [VoiceLogger] Disabling VoiceLogger duplicates at the scene root.
[Info   : Unity Log] PunVoiceClientLogic Awake
[Info   : Unity Log] Already in lobby on Network Connect. Connecting to region: 99515094-45b7-4c98-ab70-a448c548c83d
[Info   : Unity Log] Sending Steam Auth Ticket...
[Info   : Unity Log] Getting Steam Auth Ticket...
[Warning:Photon Redirector] Overriding region from '99515094-45b7-4c98-ab70-a448c548c83d' to 'asia'
[Info   :Photon Redirector] Redirecting Photon Traffic
[Info   :Photon Redirector] Redirecting Photon Traffic
[Info   : Unity Log] Connected to Master Server
[Info   : Unity Log] I am not the owner.
[Info   :Photon Redirector] Redirecting Photon Traffic
[Info   : Unity Log] Created room successfully: 109775241171650012
[Info   : Unity Log] Joined room: 109775241171650012 asia
[Info   : Unity Log] Steam: Lobby member joined: clarenesiaw03
[Info   :Photon Redirector] Redirecting Photon Traffic
[Info   :Photon Redirector] Redirecting Photon Traffic
[Info   : Unity Log] Calling OpJoinOrCreateRoom for room name '109775241171650012_voice_' region asia.
[Info   :Photon Redirector] Redirecting Photon Traffic
